Determining if the pthread_create exist failed with the following output:
Change Dir: /home/longyucheng/robot_ur5/catkin_ws/build_isolated/ur_description/CMakeFiles/CMakeTmp

Run Build Command:/usr/bin/make "cmTryCompileExec3435624740/fast"
/usr/bin/make -f CMakeFiles/cmTryCompileExec3435624740.dir/build.make CMakeFiles/cmTryCompileExec3435624740.dir/build
make[1]: 正在进入目录 `/home/longyucheng/robot_ur5/catkin_ws/build_isolated/ur_description/CMakeFiles/CMakeTmp'
/usr/bin/cmake -E cmake_progress_report /home/longyucheng/robot_ur5/catkin_ws/build_isolated/ur_description/CMakeFiles/CMakeTmp/CMakeFiles 1
Building C object CMakeFiles/cmTryCompileExec3435624740.dir/CheckSymbolExists.c.o
/usr/bin/cc    -o CMakeFiles/cmTryCompileExec3435624740.dir/CheckSymbolExists.c.o   -c /home/longyucheng/robot_ur5/catkin_ws/build_isolated/ur_description/CMakeFiles/CMakeTmp/CheckSymbolExists.c
Linking C executable cmTryCompileExec3435624740
/usr/bin/cmake -E cmake_link_script CMakeFiles/cmTryCompileExec3435624740.dir/link.txt --verbose=1
/usr/bin/cc       CMakeFiles/cmTryCompileExec3435624740.dir/CheckSymbolExists.c.o  -o cmTryCompileExec3435624740 -rdynamic 
CMakeFiles/cmTryCompileExec3435624740.dir/CheckSymbolExists.c.o：在函数‘main’中：
CheckSymbolExists.c:(.text+0x16)：对‘pthread_create’未定义的引用
collect2: error: ld returned 1 exit status
make[1]:正在离开目录 `/home/longyucheng/robot_ur5/catkin_ws/build_isolated/ur_description/CMakeFiles/CMakeTmp'
make[1]: *** [cmTryCompileExec3435624740] 错误 1
make: *** [cmTryCompileExec3435624740/fast] 错误 2

File /home/longyucheng/robot_ur5/catkin_ws/build_isolated/ur_description/CMakeFiles/CMakeTmp/CheckSymbolExists.c:
/* */
#include <pthread.h>

int main(int argc, char** argv)
{
  (void)argv;
#ifndef pthread_create
  return ((int*)(&pthread_create))[argc];
#else
  (void)argc;
  return 0;
#endif
}

Determining if the function pthread_create exists in the pthreads failed with the following output:
Change Dir: /home/longyucheng/robot_ur5/catkin_ws/build_isolated/ur_description/CMakeFiles/CMakeTmp

Run Build Command:/usr/bin/make "cmTryCompileExec4198211701/fast"
/usr/bin/make -f CMakeFiles/cmTryCompileExec4198211701.dir/build.make CMakeFiles/cmTryCompileExec4198211701.dir/build
make[1]: 正在进入目录 `/home/longyucheng/robot_ur5/catkin_ws/build_isolated/ur_description/CMakeFiles/CMakeTmp'
/usr/bin/cmake -E cmake_progress_report /home/longyucheng/robot_ur5/catkin_ws/build_isolated/ur_description/CMakeFiles/CMakeTmp/CMakeFiles 1
Building C object CMakeFiles/cmTryCompileExec4198211701.dir/CheckFunctionExists.c.o
/usr/bin/cc   -DCHECK_FUNCTION_EXISTS=pthread_create   -o CMakeFiles/cmTryCompileExec4198211701.dir/CheckFunctionExists.c.o   -c /usr/share/cmake-2.8/Modules/CheckFunctionExists.c
Linking C executable cmTryCompileExec4198211701
/usr/bin/cmake -E cmake_link_script CMakeFiles/cmTryCompileExec4198211701.dir/link.txt --verbose=1
/usr/bin/cc   -DCHECK_FUNCTION_EXISTS=pthread_create    CMakeFiles/cmTryCompileExec4198211701.dir/CheckFunctionExists.c.o  -o cmTryCompileExec4198211701 -rdynamic -lpthreads 
/usr/bin/ld: 找不到 -lpthreads
collect2: error: ld returned 1 exit status
make[1]: *** [cmTryCompileExec4198211701] 错误 1
make[1]:正在离开目录 `/home/longyucheng/robot_ur5/catkin_ws/build_isolated/ur_description/CMakeFiles/CMakeTmp'
make: *** [cmTryCompileExec4198211701/fast] 错误 2


