Determining if the pthread_create exist failed with the following output:
Change Dir: /home/longyucheng/robot_ur5/catkin_ws/build_isolated/ur3_moveit_config/CMakeFiles/CMakeTmp

Run Build Command:/usr/bin/make "cmTryCompileExec482186286/fast"
/usr/bin/make -f CMakeFiles/cmTryCompileExec482186286.dir/build.make CMakeFiles/cmTryCompileExec482186286.dir/build
make[1]: 正在进入目录 `/home/longyucheng/robot_ur5/catkin_ws/build_isolated/ur3_moveit_config/CMakeFiles/CMakeTmp'
/usr/bin/cmake -E cmake_progress_report /home/longyucheng/robot_ur5/catkin_ws/build_isolated/ur3_moveit_config/CMakeFiles/CMakeTmp/CMakeFiles 1
Building C object CMakeFiles/cmTryCompileExec482186286.dir/CheckSymbolExists.c.o
/usr/bin/cc    -o CMakeFiles/cmTryCompileExec482186286.dir/CheckSymbolExists.c.o   -c /home/longyucheng/robot_ur5/catkin_ws/build_isolated/ur3_moveit_config/CMakeFiles/CMakeTmp/CheckSymbolExists.c
Linking C executable cmTryCompileExec482186286
/usr/bin/cmake -E cmake_link_script CMakeFiles/cmTryCompileExec482186286.dir/link.txt --verbose=1
/usr/bin/cc       CMakeFiles/cmTryCompileExec482186286.dir/CheckSymbolExists.c.o  -o cmTryCompileExec482186286 -rdynamic 
CMakeFiles/cmTryCompileExec482186286.dir/CheckSymbolExists.c.o：在函数‘main’中：
CheckSymbolExists.c:(.text+0x16)：对‘pthread_create’未定义的引用
collect2: error: ld returned 1 exit status
make[1]: *** [cmTryCompileExec482186286] 错误 1
make[1]:正在离开目录 `/home/longyucheng/robot_ur5/catkin_ws/build_isolated/ur3_moveit_config/CMakeFiles/CMakeTmp'
make: *** [cmTryCompileExec482186286/fast] 错误 2

File /home/longyucheng/robot_ur5/catkin_ws/build_isolated/ur3_moveit_config/CMakeFiles/CMakeTmp/CheckSymbolExists.c:
/* */
#include <pthread.h>

int main(int argc, char** argv)
{
  (void)argv;
#ifndef pthread_create
  return ((int*)(&pthread_create))[argc];
#else
  (void)argc;
  return 0;
#endif
}

Determining if the function pthread_create exists in the pthreads failed with the following output:
Change Dir: /home/longyucheng/robot_ur5/catkin_ws/build_isolated/ur3_moveit_config/CMakeFiles/CMakeTmp

Run Build Command:/usr/bin/make "cmTryCompileExec3229928472/fast"
/usr/bin/make -f CMakeFiles/cmTryCompileExec3229928472.dir/build.make CMakeFiles/cmTryCompileExec3229928472.dir/build
make[1]: 正在进入目录 `/home/longyucheng/robot_ur5/catkin_ws/build_isolated/ur3_moveit_config/CMakeFiles/CMakeTmp'
/usr/bin/cmake -E cmake_progress_report /home/longyucheng/robot_ur5/catkin_ws/build_isolated/ur3_moveit_config/CMakeFiles/CMakeTmp/CMakeFiles 1
Building C object CMakeFiles/cmTryCompileExec3229928472.dir/CheckFunctionExists.c.o
/usr/bin/cc   -DCHECK_FUNCTION_EXISTS=pthread_create   -o CMakeFiles/cmTryCompileExec3229928472.dir/CheckFunctionExists.c.o   -c /usr/share/cmake-2.8/Modules/CheckFunctionExists.c
Linking C executable cmTryCompileExec3229928472
/usr/bin/cmake -E cmake_link_script CMakeFiles/cmTryCompileExec3229928472.dir/link.txt --verbose=1
/usr/bin/cc   -DCHECK_FUNCTION_EXISTS=pthread_create    CMakeFiles/cmTryCompileExec3229928472.dir/CheckFunctionExists.c.o  -o cmTryCompileExec3229928472 -rdynamic -lpthreads 
/usr/bin/ld: 找不到 -lpthreads
collect2: error: ld returned 1 exit status
make[1]:正在离开目录 `/home/longyucheng/robot_ur5/catkin_ws/build_isolated/ur3_moveit_config/CMakeFiles/CMakeTmp'
make[1]: *** [cmTryCompileExec3229928472] 错误 1
make: *** [cmTryCompileExec3229928472/fast] 错误 2


