Determining if the pthread_create exist failed with the following output:
Change Dir: /home/longyucheng/robot_ur5/catkin_ws/build_isolated/universal_robot/CMakeFiles/CMakeTmp

Run Build Command:/usr/bin/make "cmTryCompileExec871659330/fast"
/usr/bin/make -f CMakeFiles/cmTryCompileExec871659330.dir/build.make CMakeFiles/cmTryCompileExec871659330.dir/build
make[1]: 正在进入目录 `/home/longyucheng/robot_ur5/catkin_ws/build_isolated/universal_robot/CMakeFiles/CMakeTmp'
/usr/bin/cmake -E cmake_progress_report /home/longyucheng/robot_ur5/catkin_ws/build_isolated/universal_robot/CMakeFiles/CMakeTmp/CMakeFiles 1
Building C object CMakeFiles/cmTryCompileExec871659330.dir/CheckSymbolExists.c.o
/usr/bin/cc    -o CMakeFiles/cmTryCompileExec871659330.dir/CheckSymbolExists.c.o   -c /home/longyucheng/robot_ur5/catkin_ws/build_isolated/universal_robot/CMakeFiles/CMakeTmp/CheckSymbolExists.c
Linking C executable cmTryCompileExec871659330
/usr/bin/cmake -E cmake_link_script CMakeFiles/cmTryCompileExec871659330.dir/link.txt --verbose=1
/usr/bin/cc       CMakeFiles/cmTryCompileExec871659330.dir/CheckSymbolExists.c.o  -o cmTryCompileExec871659330 -rdynamic 
CMakeFiles/cmTryCompileExec871659330.dir/CheckSymbolExists.c.o：在函数‘main’中：
CheckSymbolExists.c:(.text+0x16)：对‘pthread_create’未定义的引用
collect2: error: ld returned 1 exit status
make[1]: *** [cmTryCompileExec871659330] 错误 1
make[1]:正在离开目录 `/home/longyucheng/robot_ur5/catkin_ws/build_isolated/universal_robot/CMakeFiles/CMakeTmp'
make: *** [cmTryCompileExec871659330/fast] 错误 2

File /home/longyucheng/robot_ur5/catkin_ws/build_isolated/universal_robot/CMakeFiles/CMakeTmp/CheckSymbolExists.c:
/* */
#include <pthread.h>

int main(int argc, char** argv)
{
  (void)argv;
#ifndef pthread_create
  return ((int*)(&pthread_create))[argc];
#else
  (void)argc;
  return 0;
#endif
}

Determining if the function pthread_create exists in the pthreads failed with the following output:
Change Dir: /home/longyucheng/robot_ur5/catkin_ws/build_isolated/universal_robot/CMakeFiles/CMakeTmp

Run Build Command:/usr/bin/make "cmTryCompileExec1111298542/fast"
/usr/bin/make -f CMakeFiles/cmTryCompileExec1111298542.dir/build.make CMakeFiles/cmTryCompileExec1111298542.dir/build
make[1]: 正在进入目录 `/home/longyucheng/robot_ur5/catkin_ws/build_isolated/universal_robot/CMakeFiles/CMakeTmp'
/usr/bin/cmake -E cmake_progress_report /home/longyucheng/robot_ur5/catkin_ws/build_isolated/universal_robot/CMakeFiles/CMakeTmp/CMakeFiles 1
Building C object CMakeFiles/cmTryCompileExec1111298542.dir/CheckFunctionExists.c.o
/usr/bin/cc   -DCHECK_FUNCTION_EXISTS=pthread_create   -o CMakeFiles/cmTryCompileExec1111298542.dir/CheckFunctionExists.c.o   -c /usr/share/cmake-2.8/Modules/CheckFunctionExists.c
Linking C executable cmTryCompileExec1111298542
/usr/bin/cmake -E cmake_link_script CMakeFiles/cmTryCompileExec1111298542.dir/link.txt --verbose=1
/usr/bin/cc   -DCHECK_FUNCTION_EXISTS=pthread_create    CMakeFiles/cmTryCompileExec1111298542.dir/CheckFunctionExists.c.o  -o cmTryCompileExec1111298542 -rdynamic -lpthreads 
/usr/bin/ld: 找不到 -lpthreads
collect2: error: ld returned 1 exit status
make[1]: *** [cmTryCompileExec1111298542] 错误 1
make[1]:正在离开目录 `/home/longyucheng/robot_ur5/catkin_ws/build_isolated/universal_robot/CMakeFiles/CMakeTmp'
make: *** [cmTryCompileExec1111298542/fast] 错误 2


