Determining if the pthread_create exist failed with the following output:
Change Dir: /home/longyucheng/robot_ur5/catkin_ws/build_isolated/ur_modern_driver/CMakeFiles/CMakeTmp

Run Build Command:/usr/bin/make "cmTryCompileExec470749895/fast"
/usr/bin/make -f CMakeFiles/cmTryCompileExec470749895.dir/build.make CMakeFiles/cmTryCompileExec470749895.dir/build
make[1]: 正在进入目录 `/home/longyucheng/robot_ur5/catkin_ws/build_isolated/ur_modern_driver/CMakeFiles/CMakeTmp'
/usr/bin/cmake -E cmake_progress_report /home/longyucheng/robot_ur5/catkin_ws/build_isolated/ur_modern_driver/CMakeFiles/CMakeTmp/CMakeFiles 1
Building C object CMakeFiles/cmTryCompileExec470749895.dir/CheckSymbolExists.c.o
/usr/bin/cc    -o CMakeFiles/cmTryCompileExec470749895.dir/CheckSymbolExists.c.o   -c /home/longyucheng/robot_ur5/catkin_ws/build_isolated/ur_modern_driver/CMakeFiles/CMakeTmp/CheckSymbolExists.c
Linking C executable cmTryCompileExec470749895
/usr/bin/cmake -E cmake_link_script CMakeFiles/cmTryCompileExec470749895.dir/link.txt --verbose=1
/usr/bin/cc       CMakeFiles/cmTryCompileExec470749895.dir/CheckSymbolExists.c.o  -o cmTryCompileExec470749895 -rdynamic 
CMakeFiles/cmTryCompileExec470749895.dir/CheckSymbolExists.c.o：在函数‘main’中：
CheckSymbolExists.c:(.text+0x16)：对‘pthread_create’未定义的引用
collect2: error: ld returned 1 exit status
make[1]: *** [cmTryCompileExec470749895] 错误 1
make[1]:正在离开目录 `/home/longyucheng/robot_ur5/catkin_ws/build_isolated/ur_modern_driver/CMakeFiles/CMakeTmp'
make: *** [cmTryCompileExec470749895/fast] 错误 2

File /home/longyucheng/robot_ur5/catkin_ws/build_isolated/ur_modern_driver/CMakeFiles/CMakeTmp/CheckSymbolExists.c:
/* */
#include <pthread.h>

int main(int argc, char** argv)
{
  (void)argv;
#ifndef pthread_create
  return ((int*)(&pthread_create))[argc];
#else
  (void)argc;
  return 0;
#endif
}

Determining if the function pthread_create exists in the pthreads failed with the following output:
Change Dir: /home/longyucheng/robot_ur5/catkin_ws/build_isolated/ur_modern_driver/CMakeFiles/CMakeTmp

Run Build Command:/usr/bin/make "cmTryCompileExec629629832/fast"
/usr/bin/make -f CMakeFiles/cmTryCompileExec629629832.dir/build.make CMakeFiles/cmTryCompileExec629629832.dir/build
make[1]: 正在进入目录 `/home/longyucheng/robot_ur5/catkin_ws/build_isolated/ur_modern_driver/CMakeFiles/CMakeTmp'
/usr/bin/cmake -E cmake_progress_report /home/longyucheng/robot_ur5/catkin_ws/build_isolated/ur_modern_driver/CMakeFiles/CMakeTmp/CMakeFiles 1
Building C object CMakeFiles/cmTryCompileExec629629832.dir/CheckFunctionExists.c.o
/usr/bin/cc   -DCHECK_FUNCTION_EXISTS=pthread_create   -o CMakeFiles/cmTryCompileExec629629832.dir/CheckFunctionExists.c.o   -c /usr/share/cmake-2.8/Modules/CheckFunctionExists.c
Linking C executable cmTryCompileExec629629832
/usr/bin/cmake -E cmake_link_script CMakeFiles/cmTryCompileExec629629832.dir/link.txt --verbose=1
/usr/bin/cc   -DCHECK_FUNCTION_EXISTS=pthread_create    CMakeFiles/cmTryCompileExec629629832.dir/CheckFunctionExists.c.o  -o cmTryCompileExec629629832 -rdynamic -lpthreads 
/usr/bin/ld: 找不到 -lpthreads
collect2: error: ld returned 1 exit status
make[1]:正在离开目录 `/home/longyucheng/robot_ur5/catkin_ws/build_isolated/ur_modern_driver/CMakeFiles/CMakeTmp'
make[1]: *** [cmTryCompileExec629629832] 错误 1
make: *** [cmTryCompileExec629629832/fast] 错误 2


