Determining if the pthread_create exist failed with the following output:
Change Dir: /home/longyucheng/robot_ur5/catkin_ws/build_isolated/ur_msgs/CMakeFiles/CMakeTmp

Run Build Command:/usr/bin/make "cmTryCompileExec2385347303/fast"
/usr/bin/make -f CMakeFiles/cmTryCompileExec2385347303.dir/build.make CMakeFiles/cmTryCompileExec2385347303.dir/build
make[1]: 正在进入目录 `/home/longyucheng/robot_ur5/catkin_ws/build_isolated/ur_msgs/CMakeFiles/CMakeTmp'
/usr/bin/cmake -E cmake_progress_report /home/longyucheng/robot_ur5/catkin_ws/build_isolated/ur_msgs/CMakeFiles/CMakeTmp/CMakeFiles 1
Building C object CMakeFiles/cmTryCompileExec2385347303.dir/CheckSymbolExists.c.o
/usr/bin/cc    -o CMakeFiles/cmTryCompileExec2385347303.dir/CheckSymbolExists.c.o   -c /home/longyucheng/robot_ur5/catkin_ws/build_isolated/ur_msgs/CMakeFiles/CMakeTmp/CheckSymbolExists.c
Linking C executable cmTryCompileExec2385347303
/usr/bin/cmake -E cmake_link_script CMakeFiles/cmTryCompileExec2385347303.dir/link.txt --verbose=1
/usr/bin/cc       CMakeFiles/cmTryCompileExec2385347303.dir/CheckSymbolExists.c.o  -o cmTryCompileExec2385347303 -rdynamic 
CMakeFiles/cmTryCompileExec2385347303.dir/CheckSymbolExists.c.o：在函数‘main’中：
CheckSymbolExists.c:(.text+0x16)：对‘pthread_create’未定义的引用
collect2: error: ld returned 1 exit status
make[1]:正在离开目录 `/home/longyucheng/robot_ur5/catkin_ws/build_isolated/ur_msgs/CMakeFiles/CMakeTmp'
make[1]: *** [cmTryCompileExec2385347303] 错误 1
make: *** [cmTryCompileExec2385347303/fast] 错误 2

File /home/longyucheng/robot_ur5/catkin_ws/build_isolated/ur_msgs/CMakeFiles/CMakeTmp/CheckSymbolExists.c:
/* */
#include <pthread.h>

int main(int argc, char** argv)
{
  (void)argv;
#ifndef pthread_create
  return ((int*)(&pthread_create))[argc];
#else
  (void)argc;
  return 0;
#endif
}

Determining if the function pthread_create exists in the pthreads failed with the following output:
Change Dir: /home/longyucheng/robot_ur5/catkin_ws/build_isolated/ur_msgs/CMakeFiles/CMakeTmp

Run Build Command:/usr/bin/make "cmTryCompileExec3165213727/fast"
/usr/bin/make -f CMakeFiles/cmTryCompileExec3165213727.dir/build.make CMakeFiles/cmTryCompileExec3165213727.dir/build
make[1]: 正在进入目录 `/home/longyucheng/robot_ur5/catkin_ws/build_isolated/ur_msgs/CMakeFiles/CMakeTmp'
/usr/bin/cmake -E cmake_progress_report /home/longyucheng/robot_ur5/catkin_ws/build_isolated/ur_msgs/CMakeFiles/CMakeTmp/CMakeFiles 1
Building C object CMakeFiles/cmTryCompileExec3165213727.dir/CheckFunctionExists.c.o
/usr/bin/cc   -DCHECK_FUNCTION_EXISTS=pthread_create   -o CMakeFiles/cmTryCompileExec3165213727.dir/CheckFunctionExists.c.o   -c /usr/share/cmake-2.8/Modules/CheckFunctionExists.c
Linking C executable cmTryCompileExec3165213727
/usr/bin/cmake -E cmake_link_script CMakeFiles/cmTryCompileExec3165213727.dir/link.txt --verbose=1
/usr/bin/cc   -DCHECK_FUNCTION_EXISTS=pthread_create    CMakeFiles/cmTryCompileExec3165213727.dir/CheckFunctionExists.c.o  -o cmTryCompileExec3165213727 -rdynamic -lpthreads 
/usr/bin/ld: 找不到 -lpthreads
collect2: error: ld returned 1 exit status
make[1]:正在离开目录 `/home/longyucheng/robot_ur5/catkin_ws/build_isolated/ur_msgs/CMakeFiles/CMakeTmp'
make[1]: *** [cmTryCompileExec3165213727] 错误 1
make: *** [cmTryCompileExec3165213727/fast] 错误 2


